<?xml version="1.0" encoding="UTF-8"?>
<testsuite name="matheus.nunes.study.rabbitmq.RabbitmqApplicationTests" tests="1" skipped="0" failures="0" errors="0" timestamp="2021-01-06T21:11:47" hostname="NOTE-722" time="0.432">
  <properties/>
  <testcase name="contextLoads()" classname="matheus.nunes.study.rabbitmq.RabbitmqApplicationTests" time="0.432"/>
  <system-out><![CDATA[19:11:44.276 [Test worker] DEBUG org.springframework.test.context.BootstrapUtils - Instantiating CacheAwareContextLoaderDelegate from class [org.springframework.test.context.cache.DefaultCacheAwareContextLoaderDelegate]
19:11:44.294 [Test worker] DEBUG org.springframework.test.context.BootstrapUtils - Instantiating BootstrapContext using constructor [public org.springframework.test.context.support.DefaultBootstrapContext(java.lang.Class,org.springframework.test.context.CacheAwareContextLoaderDelegate)]
19:11:44.373 [Test worker] DEBUG org.springframework.test.context.BootstrapUtils - Instantiating TestContextBootstrapper for test class [matheus.nunes.study.rabbitmq.RabbitmqApplicationTests] from class [org.springframework.boot.test.context.SpringBootTestContextBootstrapper]
19:11:44.409 [Test worker] INFO org.springframework.boot.test.context.SpringBootTestContextBootstrapper - Neither @ContextConfiguration nor @ContextHierarchy found for test class [matheus.nunes.study.rabbitmq.RabbitmqApplicationTests], using SpringBootContextLoader
19:11:44.416 [Test worker] DEBUG org.springframework.test.context.support.AbstractContextLoader - Did not detect default resource location for test class [matheus.nunes.study.rabbitmq.RabbitmqApplicationTests]: class path resource [matheus/nunes/study/rabbitmq/RabbitmqApplicationTests-context.xml] does not exist
19:11:44.423 [Test worker] DEBUG org.springframework.test.context.support.AbstractContextLoader - Did not detect default resource location for test class [matheus.nunes.study.rabbitmq.RabbitmqApplicationTests]: class path resource [matheus/nunes/study/rabbitmq/RabbitmqApplicationTestsContext.groovy] does not exist
19:11:44.424 [Test worker] INFO org.springframework.test.context.support.AbstractContextLoader - Could not detect default resource locations for test class [matheus.nunes.study.rabbitmq.RabbitmqApplicationTests]: no resource found for suffixes {-context.xml, Context.groovy}.
19:11:44.426 [Test worker] INFO org.springframework.test.context.support.AnnotationConfigContextLoaderUtils - Could not detect default configuration classes for test class [matheus.nunes.study.rabbitmq.RabbitmqApplicationTests]: RabbitmqApplicationTests does not declare any static, non-private, non-final, nested classes annotated with @Configuration.
19:11:44.526 [Test worker] DEBUG org.springframework.test.context.support.ActiveProfilesUtils - Could not find an 'annotation declaring class' for annotation type [org.springframework.test.context.ActiveProfiles] and class [matheus.nunes.study.rabbitmq.RabbitmqApplicationTests]
19:11:44.667 [Test worker] DEBUG org.springframework.context.annotation.ClassPathScanningCandidateComponentProvider - Identified candidate component class: file [/home/matheus.nunes/Workspace/Demos/rabbitmq/build/classes/kotlin/main/matheus/nunes/study/rabbitmq/RabbitmqApplication.class]
19:11:44.683 [Test worker] INFO org.springframework.boot.test.context.SpringBootTestContextBootstrapper - Found @SpringBootConfiguration matheus.nunes.study.rabbitmq.RabbitmqApplication for test class matheus.nunes.study.rabbitmq.RabbitmqApplicationTests
19:11:44.918 [Test worker] DEBUG org.springframework.boot.test.context.SpringBootTestContextBootstrapper - @TestExecutionListeners is not present for class [matheus.nunes.study.rabbitmq.RabbitmqApplicationTests]: using defaults.
19:11:44.920 [Test worker] INFO org.springframework.boot.test.context.SpringBootTestContextBootstrapper - Loaded default TestExecutionListener class names from location [META-INF/spring.factories]: [org.springframework.boot.test.autoconfigure.restdocs.RestDocsTestExecutionListener, org.springframework.boot.test.autoconfigure.web.client.MockRestServiceServerResetTestExecutionListener, org.springframework.boot.test.autoconfigure.web.servlet.MockMvcPrintOnlyOnFailureTestExecutionListener, org.springframework.boot.test.autoconfigure.web.servlet.WebDriverTestExecutionListener, org.springframework.boot.test.autoconfigure.webservices.client.MockWebServiceServerTestExecutionListener, org.springframework.boot.test.mock.mockito.MockitoTestExecutionListener, org.springframework.boot.test.mock.mockito.ResetMocksTestExecutionListener, org.springframework.test.context.web.ServletTestExecutionListener, org.springframework.test.context.support.DirtiesContextBeforeModesTestExecutionListener, org.springframework.test.context.support.DependencyInjectionTestExecutionListener, org.springframework.test.context.support.DirtiesContextTestExecutionListener, org.springframework.test.context.transaction.TransactionalTestExecutionListener, org.springframework.test.context.jdbc.SqlScriptsTestExecutionListener, org.springframework.test.context.event.EventPublishingTestExecutionListener]
19:11:44.930 [Test worker] DEBUG org.springframework.boot.test.context.SpringBootTestContextBootstrapper - Skipping candidate TestExecutionListener [org.springframework.test.context.web.ServletTestExecutionListener] due to a missing dependency. Specify custom listener classes or make the default listener classes and their required dependencies available. Offending class: [javax/servlet/ServletContext]
19:11:44.932 [Test worker] DEBUG org.springframework.boot.test.context.SpringBootTestContextBootstrapper - Skipping candidate TestExecutionListener [org.springframework.test.context.transaction.TransactionalTestExecutionListener] due to a missing dependency. Specify custom listener classes or make the default listener classes and their required dependencies available. Offending class: [org/springframework/transaction/TransactionDefinition]
19:11:44.933 [Test worker] DEBUG org.springframework.boot.test.context.SpringBootTestContextBootstrapper - Skipping candidate TestExecutionListener [org.springframework.test.context.jdbc.SqlScriptsTestExecutionListener] due to a missing dependency. Specify custom listener classes or make the default listener classes and their required dependencies available. Offending class: [org/springframework/transaction/interceptor/TransactionAttribute]
19:11:44.935 [Test worker] INFO org.springframework.boot.test.context.SpringBootTestContextBootstrapper - Using TestExecutionListeners: [org.springframework.test.context.support.DirtiesContextBeforeModesTestExecutionListener@742bc85a, org.springframework.boot.test.mock.mockito.MockitoTestExecutionListener@17847757, org.springframework.boot.test.autoconfigure.SpringBootDependencyInjectionTestExecutionListener@25a38235, org.springframework.test.context.support.DirtiesContextTestExecutionListener@6144284c, org.springframework.test.context.event.EventPublishingTestExecutionListener@4b875526, org.springframework.boot.test.autoconfigure.restdocs.RestDocsTestExecutionListener@7f8dbdce, org.springframework.boot.test.autoconfigure.web.client.MockRestServiceServerResetTestExecutionListener@46063a20, org.springframework.boot.test.autoconfigure.web.servlet.MockMvcPrintOnlyOnFailureTestExecutionListener@6406ce4, org.springframework.boot.test.autoconfigure.web.servlet.WebDriverTestExecutionListener@779f376f, org.springframework.boot.test.autoconfigure.webservices.client.MockWebServiceServerTestExecutionListener@656e979f, org.springframework.boot.test.mock.mockito.ResetMocksTestExecutionListener@124e6628]
19:11:44.945 [Test worker] DEBUG org.springframework.test.context.support.AbstractDirtiesContextTestExecutionListener - Before test class: context [DefaultTestContext@67c90908 testClass = RabbitmqApplicationTests, testInstance = [null], testMethod = [null], testException = [null], mergedContextConfiguration = [MergedContextConfiguration@56b9a8cf testClass = RabbitmqApplicationTests, locations = '{}', classes = '{class matheus.nunes.study.rabbitmq.RabbitmqApplication}', contextInitializerClasses = '[]', activeProfiles = '{}', propertySourceLocations = '{}', propertySourceProperties = '{org.springframework.boot.test.context.SpringBootTestContextBootstrapper=true}', contextCustomizers = set[org.springframework.boot.test.autoconfigure.actuate.metrics.MetricsExportContextCustomizerFactory$DisableMetricExportContextCustomizer@722fafa4, org.springframework.boot.test.autoconfigure.properties.PropertyMappingContextCustomizer@0, org.springframework.boot.test.autoconfigure.web.servlet.WebDriverContextCustomizerFactory$Customizer@34c69f75, org.springframework.boot.test.context.filter.ExcludeFilterContextCustomizer@6c1e43c8, org.springframework.boot.test.json.DuplicateJsonObjectContextCustomizerFactory$DuplicateJsonObjectContextCustomizer@4e6636bc, org.springframework.boot.test.mock.mockito.MockitoContextCustomizer@0, org.springframework.boot.test.web.client.TestRestTemplateContextCustomizer@2289d94, org.springframework.boot.test.context.SpringBootTestArgs@1, org.springframework.boot.test.context.SpringBootTestWebEnvironment@57c1ef7], contextLoader = 'org.springframework.boot.test.context.SpringBootContextLoader', parent = [null]], attributes = map[[empty]]], class annotated with @DirtiesContext [false] with mode [null].
19:11:44.996 [Test worker] DEBUG org.springframework.test.context.support.DependencyInjectionTestExecutionListener - Performing dependency injection for test context [[DefaultTestContext@67c90908 testClass = RabbitmqApplicationTests, testInstance = matheus.nunes.study.rabbitmq.RabbitmqApplicationTests@29eb699f, testMethod = [null], testException = [null], mergedContextConfiguration = [MergedContextConfiguration@56b9a8cf testClass = RabbitmqApplicationTests, locations = '{}', classes = '{class matheus.nunes.study.rabbitmq.RabbitmqApplication}', contextInitializerClasses = '[]', activeProfiles = '{}', propertySourceLocations = '{}', propertySourceProperties = '{org.springframework.boot.test.context.SpringBootTestContextBootstrapper=true}', contextCustomizers = set[org.springframework.boot.test.autoconfigure.actuate.metrics.MetricsExportContextCustomizerFactory$DisableMetricExportContextCustomizer@722fafa4, org.springframework.boot.test.autoconfigure.properties.PropertyMappingContextCustomizer@0, org.springframework.boot.test.autoconfigure.web.servlet.WebDriverContextCustomizerFactory$Customizer@34c69f75, org.springframework.boot.test.context.filter.ExcludeFilterContextCustomizer@6c1e43c8, org.springframework.boot.test.json.DuplicateJsonObjectContextCustomizerFactory$DuplicateJsonObjectContextCustomizer@4e6636bc, org.springframework.boot.test.mock.mockito.MockitoContextCustomizer@0, org.springframework.boot.test.web.client.TestRestTemplateContextCustomizer@2289d94, org.springframework.boot.test.context.SpringBootTestArgs@1, org.springframework.boot.test.context.SpringBootTestWebEnvironment@57c1ef7], contextLoader = 'org.springframework.boot.test.context.SpringBootContextLoader', parent = [null]], attributes = map[[empty]]]].
19:11:45.048 [Test worker] DEBUG org.springframework.test.context.support.TestPropertySourceUtils - Adding inlined properties to environment: {spring.jmx.enabled=false, org.springframework.boot.test.context.SpringBootTestContextBootstrapper=true}

  .   ____          _            __ _ _
 /\\ / ___'_ __ _ _(_)_ __  __ _ \ \ \ \
( ( )\___ | '_ | '_| | '_ \/ _` | \ \ \ \
 \\/  ___)| |_)| | | | | || (_| |  ) ) ) )
  '  |____| .__|_| |_|_| |_\__, | / / / /
 =========|_|==============|___/=/_/_/_/
 :: Spring Boot ::                (v2.4.1)

2021-01-06 19:11:45.681  INFO 6766 --- [    Test worker] m.n.s.rabbitmq.RabbitmqApplicationTests  : Starting RabbitmqApplicationTests using Java 11 on NOTE-722 with PID 6766 (started by matheus.nunes in /home/matheus.nunes/Workspace/Demos/rabbitmq)
2021-01-06 19:11:45.703  INFO 6766 --- [    Test worker] m.n.s.rabbitmq.RabbitmqApplicationTests  : No active profile set, falling back to default profiles: default
2021-01-06 19:11:46.946  INFO 6766 --- [    Test worker] m.n.s.rabbitmq.RabbitmqApplicationTests  : Started RabbitmqApplicationTests in 1.891 seconds (JVM running for 4.228)
]]></system-out>
  <system-err><![CDATA[]]></system-err>
</testsuite>
